<?xml version="1.0" encoding="UTF-8"?>
<!-- Generated by org.testng.reporters.JUnitReportReporter -->
<testsuite skipped="0" hostname="INBAN5CG9504X0C" name="com.skf.mobileApps.ShaftAlignment.TestCase" tests="1" failures="0" timestamp="2021-01-19T17:21:50 IST" time="126.751" errors="0">
  <testcase name="Report_Validation" time="126.751" classname="com.skf.mobileApps.ShaftAlignment.TestCase"/>
  <system-out/>
</testsuite> <!-- com.skf.mobileApps.ShaftAlignment.TestCase -->
