<?xml version="1.0" encoding="UTF-8"?>
<!-- Generated by org.testng.reporters.JUnitReportReporter -->
<testsuite skipped="0" hostname="INBAN5CG9504X0C" name="com.skf.mobileApps.ShaftAlignment.TestCase2" tests="1" failures="0" timestamp="2021-04-13T09:39:36 IST" time="144.718" errors="0">
  <testcase name="Report_Validation" time="144.718" classname="com.skf.mobileApps.ShaftAlignment.TestCase2"/>
  <system-out/>
</testsuite> <!-- com.skf.mobileApps.ShaftAlignment.TestCase2 -->
