<?xml version="1.0" encoding="UTF-8"?>
<!-- Generated by org.testng.reporters.JUnitReportReporter -->
<testsuite skipped="0" hostname="INBAN5CG9504X0C" name="com.skf.mobileApps.ShaftAlignment.TC1" tests="2" failures="0" timestamp="2021-04-13T11:33:50 IST" time="46.180" errors="0">
  <testcase name="HomePageIcon_Validation" time="22.057" classname="com.skf.mobileApps.ShaftAlignment.TC1"/>
  <system-out/>
  <testcase name="HomePage_Validation" time="24.123" classname="com.skf.mobileApps.ShaftAlignment.TC1"/>
  <system-out/>
</testsuite> <!-- com.skf.mobileApps.ShaftAlignment.TC1 -->
